<?xml version="1.0" encoding="UTF-8"?>
<!-- Generated by org.testng.reporters.JUnitXMLReporter -->
<testsuite ignored="1" hostname="DESKTOP-QCGJ0L4" failures="0" tests="4" name="Car Loan" time="0.004" errors="0" timestamp="2023-01-11T18:21:12 CST">
  <testcase classname="test.day3" name="MobileloginHomeLoan" time="0.0"/>
  <testcase classname="test.day3" name="MobilelogoutHomeLoan" time="0.0"/>
  <testcase classname="test.day3" name="MobilesigninHomeLoan" time="0.0"/>
  <testcase classname="test.day3" name="WebloginHomeLoan" time="0.001"/>
  <testcase classname="test.day3" name="APIcarLoan" time="0.0">
    <ignored/>
  </testcase> <!-- APIcarLoan -->
</testsuite> <!-- Car Loan -->
