<?xml version="1.0" encoding="UTF-8"?>
<!-- Generated by org.testng.reporters.JUnitXMLReporter -->
<testsuite ignored="1" hostname="DESKTOP-QCGJ0L4" failures="0" tests="5" name="Personal Loan" time="0.031" errors="0" timestamp="2023-01-11T18:21:12 CST">
  <testcase classname="test.day1" name="Demo" time="0.004"/>
  <testcase classname="test.day2" name="ploan" time="0.001"/>
  <testcase classname="test.day4" name="MObileloginCarLoan" time="0.0"/>
  <testcase classname="test.day4" name="WebloginCarLoan" time="0.001"/>
  <testcase classname="test.day4" name="loginAPICarLoan" time="0.001"/>
  <testcase classname="test.day1" name="SecondTest" time="0.0">
    <ignored/>
  </testcase> <!-- SecondTest -->
</testsuite> <!-- Personal Loan -->
