<?xml version="1.0" encoding="UTF-8"?>
<!-- Generated by org.testng.reporters.JUnitXMLReporter -->
<testsuite ignored="0" hostname="DESKTOP-QCGJ0L4" failures="0" tests="3" name="Default test" time="0.029" errors="0" timestamp="2023-01-11T17:31:40 CST">
  <testcase classname="test.day3" name="MObileloginCarLoan" time="0.005"/>
  <testcase classname="test.day3" name="WebloginCarLoan" time="0.0"/>
  <testcase classname="test.day3" name="loginAPICarLoan" time="0.0"/>
</testsuite> <!-- Default test -->
